Performing C++ SOURCE FILE Test CMAKE_HAVE_LIBC_PTHREAD failed with the following output:
Change Dir: /home/sky/workspace/myrepo/my_front/image_align/basalt_tracker/build1/CMakeFiles/CMakeTmp

Run Build Command(s):/usr/bin/make cmTC_0127c/fast && /usr/bin/make -f CMakeFiles/cmTC_0127c.dir/build.make CMakeFiles/cmTC_0127c.dir/build
make[1]: Entering directory '/home/sky/workspace/myrepo/my_front/image_align/basalt_tracker/build1/CMakeFiles/CMakeTmp'
Building CXX object CMakeFiles/cmTC_0127c.dir/src.cxx.o
/usr/bin/c++    -DCMAKE_HAVE_LIBC_PTHREAD -fPIE   -o CMakeFiles/cmTC_0127c.dir/src.cxx.o -c /home/sky/workspace/myrepo/my_front/image_align/basalt_tracker/build1/CMakeFiles/CMakeTmp/src.cxx
Linking CXX executable cmTC_0127c
/home/sky/Documents/cmake-3.15.0-Linux-x86_64/bin/cmake -E cmake_link_script CMakeFiles/cmTC_0127c.dir/link.txt --verbose=1
/usr/bin/c++   -DCMAKE_HAVE_LIBC_PTHREAD    -rdynamic CMakeFiles/cmTC_0127c.dir/src.cxx.o  -o cmTC_0127c 
CMakeFiles/cmTC_0127c.dir/src.cxx.o: In function `main':
src.cxx:(.text+0x3e): undefined reference to `pthread_create'
src.cxx:(.text+0x4a): undefined reference to `pthread_detach'
src.cxx:(.text+0x5b): undefined reference to `pthread_join'
src.cxx:(.text+0x6f): undefined reference to `pthread_atfork'
collect2: error: ld returned 1 exit status
CMakeFiles/cmTC_0127c.dir/build.make:86: recipe for target 'cmTC_0127c' failed
make[1]: *** [cmTC_0127c] Error 1
make[1]: Leaving directory '/home/sky/workspace/myrepo/my_front/image_align/basalt_tracker/build1/CMakeFiles/CMakeTmp'
Makefile:121: recipe for target 'cmTC_0127c/fast' failed
make: *** [cmTC_0127c/fast] Error 2


Source file was:
#include <pthread.h>

void* test_func(void* data)
{
  return data;
}

int main(void)
{
  pthread_t thread;
  pthread_create(&thread, NULL, test_func, NULL);
  pthread_detach(thread);
  pthread_join(thread, NULL);
  pthread_atfork(NULL, NULL, NULL);
  pthread_exit(NULL);

  return 0;
}

Determining if the function pthread_create exists in the pthreads failed with the following output:
Change Dir: /home/sky/workspace/myrepo/my_front/image_align/basalt_tracker/build1/CMakeFiles/CMakeTmp

Run Build Command(s):/usr/bin/make cmTC_befa8/fast && /usr/bin/make -f CMakeFiles/cmTC_befa8.dir/build.make CMakeFiles/cmTC_befa8.dir/build
make[1]: Entering directory '/home/sky/workspace/myrepo/my_front/image_align/basalt_tracker/build1/CMakeFiles/CMakeTmp'
Building CXX object CMakeFiles/cmTC_befa8.dir/CheckFunctionExists.cxx.o
/usr/bin/c++    -DCHECK_FUNCTION_EXISTS=pthread_create -fPIE   -o CMakeFiles/cmTC_befa8.dir/CheckFunctionExists.cxx.o -c /home/sky/workspace/myrepo/my_front/image_align/basalt_tracker/build1/CMakeFiles/CheckLibraryExists/CheckFunctionExists.cxx
Linking CXX executable cmTC_befa8
/home/sky/Documents/cmake-3.15.0-Linux-x86_64/bin/cmake -E cmake_link_script CMakeFiles/cmTC_befa8.dir/link.txt --verbose=1
/usr/bin/c++   -DCHECK_FUNCTION_EXISTS=pthread_create    -rdynamic CMakeFiles/cmTC_befa8.dir/CheckFunctionExists.cxx.o  -o cmTC_befa8 -lpthreads 
/usr/bin/ld: cannot find -lpthreads
collect2: error: ld returned 1 exit status
CMakeFiles/cmTC_befa8.dir/build.make:86: recipe for target 'cmTC_befa8' failed
make[1]: *** [cmTC_befa8] Error 1
make[1]: Leaving directory '/home/sky/workspace/myrepo/my_front/image_align/basalt_tracker/build1/CMakeFiles/CMakeTmp'
Makefile:121: recipe for target 'cmTC_befa8/fast' failed
make: *** [cmTC_befa8/fast] Error 2



