Performing C SOURCE FILE Test CMAKE_HAVE_LIBC_PTHREAD failed with the following output:
Change Dir: /home/sky/workspace/myrepo/my_front/image_align/gcn_track/build/CMakeFiles/CMakeTmp

Run Build Command(s):/usr/bin/make cmTC_8cd06/fast && /usr/bin/make -f CMakeFiles/cmTC_8cd06.dir/build.make CMakeFiles/cmTC_8cd06.dir/build
make[1]: Entering directory '/home/sky/workspace/myrepo/my_front/image_align/gcn_track/build/CMakeFiles/CMakeTmp'
Building C object CMakeFiles/cmTC_8cd06.dir/src.c.o
/usr/bin/cc   -fPIC -DCMAKE_HAVE_LIBC_PTHREAD   -o CMakeFiles/cmTC_8cd06.dir/src.c.o   -c /home/sky/workspace/myrepo/my_front/image_align/gcn_track/build/CMakeFiles/CMakeTmp/src.c
Linking C executable cmTC_8cd06
/home/sky/Documents/cmake-3.15.0-Linux-x86_64/bin/cmake -E cmake_link_script CMakeFiles/cmTC_8cd06.dir/link.txt --verbose=1
/usr/bin/cc -fPIC -DCMAKE_HAVE_LIBC_PTHREAD    -rdynamic CMakeFiles/cmTC_8cd06.dir/src.c.o  -o cmTC_8cd06 
CMakeFiles/cmTC_8cd06.dir/src.c.o: In function `main':
src.c:(.text+0x3e): undefined reference to `pthread_create'
src.c:(.text+0x4a): undefined reference to `pthread_detach'
src.c:(.text+0x5b): undefined reference to `pthread_join'
src.c:(.text+0x6f): undefined reference to `pthread_atfork'
collect2: error: ld returned 1 exit status
CMakeFiles/cmTC_8cd06.dir/build.make:86: recipe for target 'cmTC_8cd06' failed
make[1]: *** [cmTC_8cd06] Error 1
make[1]: Leaving directory '/home/sky/workspace/myrepo/my_front/image_align/gcn_track/build/CMakeFiles/CMakeTmp'
Makefile:121: recipe for target 'cmTC_8cd06/fast' failed
make: *** [cmTC_8cd06/fast] Error 2


Source file was:
#include <pthread.h>

void* test_func(void* data)
{
  return data;
}

int main(void)
{
  pthread_t thread;
  pthread_create(&thread, NULL, test_func, NULL);
  pthread_detach(thread);
  pthread_join(thread, NULL);
  pthread_atfork(NULL, NULL, NULL);
  pthread_exit(NULL);

  return 0;
}

Determining if the function pthread_create exists in the pthreads failed with the following output:
Change Dir: /home/sky/workspace/myrepo/my_front/image_align/gcn_track/build/CMakeFiles/CMakeTmp

Run Build Command(s):/usr/bin/make cmTC_5c7a7/fast && /usr/bin/make -f CMakeFiles/cmTC_5c7a7.dir/build.make CMakeFiles/cmTC_5c7a7.dir/build
make[1]: Entering directory '/home/sky/workspace/myrepo/my_front/image_align/gcn_track/build/CMakeFiles/CMakeTmp'
Building C object CMakeFiles/cmTC_5c7a7.dir/CheckFunctionExists.c.o
/usr/bin/cc   -fPIC -DCHECK_FUNCTION_EXISTS=pthread_create   -o CMakeFiles/cmTC_5c7a7.dir/CheckFunctionExists.c.o   -c /home/sky/Documents/cmake-3.15.0-Linux-x86_64/share/cmake-3.15/Modules/CheckFunctionExists.c
Linking C executable cmTC_5c7a7
/home/sky/Documents/cmake-3.15.0-Linux-x86_64/bin/cmake -E cmake_link_script CMakeFiles/cmTC_5c7a7.dir/link.txt --verbose=1
/usr/bin/cc -fPIC -DCHECK_FUNCTION_EXISTS=pthread_create    -rdynamic CMakeFiles/cmTC_5c7a7.dir/CheckFunctionExists.c.o  -o cmTC_5c7a7 -lpthreads 
/usr/bin/ld: cannot find -lpthreads
collect2: error: ld returned 1 exit status
CMakeFiles/cmTC_5c7a7.dir/build.make:86: recipe for target 'cmTC_5c7a7' failed
make[1]: *** [cmTC_5c7a7] Error 1
make[1]: Leaving directory '/home/sky/workspace/myrepo/my_front/image_align/gcn_track/build/CMakeFiles/CMakeTmp'
Makefile:121: recipe for target 'cmTC_5c7a7/fast' failed
make: *** [cmTC_5c7a7/fast] Error 2



Performing C SOURCE FILE Test CMAKE_HAVE_LIBC_PTHREAD failed with the following output:
Change Dir: /home/sky/workspace/myrepo/my_front/image_align/gcn_track/build/CMakeFiles/CMakeTmp

Run Build Command(s):/usr/bin/make cmTC_c599d/fast && /usr/bin/make -f CMakeFiles/cmTC_c599d.dir/build.make CMakeFiles/cmTC_c599d.dir/build
make[1]: Entering directory '/home/sky/workspace/myrepo/my_front/image_align/gcn_track/build/CMakeFiles/CMakeTmp'
Building C object CMakeFiles/cmTC_c599d.dir/src.c.o
/usr/bin/cc   -fPIC -DCMAKE_HAVE_LIBC_PTHREAD   -o CMakeFiles/cmTC_c599d.dir/src.c.o   -c /home/sky/workspace/myrepo/my_front/image_align/gcn_track/build/CMakeFiles/CMakeTmp/src.c
Linking C executable cmTC_c599d
/home/sky/Documents/cmake-3.15.0-Linux-x86_64/bin/cmake -E cmake_link_script CMakeFiles/cmTC_c599d.dir/link.txt --verbose=1
/usr/bin/cc -fPIC -DCMAKE_HAVE_LIBC_PTHREAD    -rdynamic CMakeFiles/cmTC_c599d.dir/src.c.o  -o cmTC_c599d 
CMakeFiles/cmTC_c599d.dir/src.c.o: In function `main':
src.c:(.text+0x3e): undefined reference to `pthread_create'
src.c:(.text+0x4a): undefined reference to `pthread_detach'
src.c:(.text+0x5b): undefined reference to `pthread_join'
src.c:(.text+0x6f): undefined reference to `pthread_atfork'
collect2: error: ld returned 1 exit status
CMakeFiles/cmTC_c599d.dir/build.make:86: recipe for target 'cmTC_c599d' failed
make[1]: *** [cmTC_c599d] Error 1
make[1]: Leaving directory '/home/sky/workspace/myrepo/my_front/image_align/gcn_track/build/CMakeFiles/CMakeTmp'
Makefile:121: recipe for target 'cmTC_c599d/fast' failed
make: *** [cmTC_c599d/fast] Error 2


Source file was:
#include <pthread.h>

void* test_func(void* data)
{
  return data;
}

int main(void)
{
  pthread_t thread;
  pthread_create(&thread, NULL, test_func, NULL);
  pthread_detach(thread);
  pthread_join(thread, NULL);
  pthread_atfork(NULL, NULL, NULL);
  pthread_exit(NULL);

  return 0;
}

Determining if the function pthread_create exists in the pthreads failed with the following output:
Change Dir: /home/sky/workspace/myrepo/my_front/image_align/gcn_track/build/CMakeFiles/CMakeTmp

Run Build Command(s):/usr/bin/make cmTC_89975/fast && /usr/bin/make -f CMakeFiles/cmTC_89975.dir/build.make CMakeFiles/cmTC_89975.dir/build
make[1]: Entering directory '/home/sky/workspace/myrepo/my_front/image_align/gcn_track/build/CMakeFiles/CMakeTmp'
Building C object CMakeFiles/cmTC_89975.dir/CheckFunctionExists.c.o
/usr/bin/cc   -fPIC -DCHECK_FUNCTION_EXISTS=pthread_create   -o CMakeFiles/cmTC_89975.dir/CheckFunctionExists.c.o   -c /home/sky/Documents/cmake-3.15.0-Linux-x86_64/share/cmake-3.15/Modules/CheckFunctionExists.c
Linking C executable cmTC_89975
/home/sky/Documents/cmake-3.15.0-Linux-x86_64/bin/cmake -E cmake_link_script CMakeFiles/cmTC_89975.dir/link.txt --verbose=1
/usr/bin/cc -fPIC -DCHECK_FUNCTION_EXISTS=pthread_create    -rdynamic CMakeFiles/cmTC_89975.dir/CheckFunctionExists.c.o  -o cmTC_89975 -lpthreads 
/usr/bin/ld: cannot find -lpthreads
collect2: error: ld returned 1 exit status
CMakeFiles/cmTC_89975.dir/build.make:86: recipe for target 'cmTC_89975' failed
make[1]: *** [cmTC_89975] Error 1
make[1]: Leaving directory '/home/sky/workspace/myrepo/my_front/image_align/gcn_track/build/CMakeFiles/CMakeTmp'
Makefile:121: recipe for target 'cmTC_89975/fast' failed
make: *** [cmTC_89975/fast] Error 2



