Performing C++ SOURCE FILE Test CMAKE_HAVE_LIBC_PTHREAD failed with the following output:
Change Dir: /home/sky/workspace/myrepo/my_front/image_align/spcpp/cmake-build-debug/CMakeFiles/CMakeTmp

Run Build Command(s):/usr/bin/make cmTC_6c2e9/fast && /usr/bin/make  -f CMakeFiles/cmTC_6c2e9.dir/build.make CMakeFiles/cmTC_6c2e9.dir/build
make[1]: Entering directory '/home/sky/workspace/myrepo/my_front/image_align/spcpp/cmake-build-debug/CMakeFiles/CMakeTmp'
Building CXX object CMakeFiles/cmTC_6c2e9.dir/src.cxx.o
/usr/bin/c++    -DCMAKE_HAVE_LIBC_PTHREAD   -o CMakeFiles/cmTC_6c2e9.dir/src.cxx.o -c /home/sky/workspace/myrepo/my_front/image_align/spcpp/cmake-build-debug/CMakeFiles/CMakeTmp/src.cxx
Linking CXX executable cmTC_6c2e9
"/home/sky/Downloads/CLion-2020.2.4(1)/clion-2020.2.4/bin/cmake/linux/bin/cmake" -E cmake_link_script CMakeFiles/cmTC_6c2e9.dir/link.txt --verbose=1
/usr/bin/c++   -DCMAKE_HAVE_LIBC_PTHREAD    -rdynamic CMakeFiles/cmTC_6c2e9.dir/src.cxx.o  -o cmTC_6c2e9 
CMakeFiles/cmTC_6c2e9.dir/src.cxx.o: In function `main':
src.cxx:(.text+0x3e): undefined reference to `pthread_create'
src.cxx:(.text+0x4a): undefined reference to `pthread_detach'
src.cxx:(.text+0x56): undefined reference to `pthread_cancel'
src.cxx:(.text+0x67): undefined reference to `pthread_join'
src.cxx:(.text+0x7b): undefined reference to `pthread_atfork'
collect2: error: ld returned 1 exit status
CMakeFiles/cmTC_6c2e9.dir/build.make:106: recipe for target 'cmTC_6c2e9' failed
make[1]: *** [cmTC_6c2e9] Error 1
make[1]: Leaving directory '/home/sky/workspace/myrepo/my_front/image_align/spcpp/cmake-build-debug/CMakeFiles/CMakeTmp'
Makefile:141: recipe for target 'cmTC_6c2e9/fast' failed
make: *** [cmTC_6c2e9/fast] Error 2


Source file was:
#include <pthread.h>

void* test_func(void* data)
{
  return data;
}

int main(void)
{
  pthread_t thread;
  pthread_create(&thread, NULL, test_func, NULL);
  pthread_detach(thread);
  pthread_cancel(thread);
  pthread_join(thread, NULL);
  pthread_atfork(NULL, NULL, NULL);
  pthread_exit(NULL);

  return 0;
}

Determining if the function pthread_create exists in the pthreads failed with the following output:
Change Dir: /home/sky/workspace/myrepo/my_front/image_align/spcpp/cmake-build-debug/CMakeFiles/CMakeTmp

Run Build Command(s):/usr/bin/make cmTC_7a0ac/fast && /usr/bin/make  -f CMakeFiles/cmTC_7a0ac.dir/build.make CMakeFiles/cmTC_7a0ac.dir/build
make[1]: Entering directory '/home/sky/workspace/myrepo/my_front/image_align/spcpp/cmake-build-debug/CMakeFiles/CMakeTmp'
Building CXX object CMakeFiles/cmTC_7a0ac.dir/CheckFunctionExists.cxx.o
/usr/bin/c++    -DCHECK_FUNCTION_EXISTS=pthread_create   -o CMakeFiles/cmTC_7a0ac.dir/CheckFunctionExists.cxx.o -c /home/sky/workspace/myrepo/my_front/image_align/spcpp/cmake-build-debug/CMakeFiles/CheckLibraryExists/CheckFunctionExists.cxx
Linking CXX executable cmTC_7a0ac
"/home/sky/Downloads/CLion-2020.2.4(1)/clion-2020.2.4/bin/cmake/linux/bin/cmake" -E cmake_link_script CMakeFiles/cmTC_7a0ac.dir/link.txt --verbose=1
/usr/bin/c++   -DCHECK_FUNCTION_EXISTS=pthread_create    -rdynamic CMakeFiles/cmTC_7a0ac.dir/CheckFunctionExists.cxx.o  -o cmTC_7a0ac  -lpthreads 
/usr/bin/ld: cannot find -lpthreads
collect2: error: ld returned 1 exit status
CMakeFiles/cmTC_7a0ac.dir/build.make:106: recipe for target 'cmTC_7a0ac' failed
make[1]: *** [cmTC_7a0ac] Error 1
make[1]: Leaving directory '/home/sky/workspace/myrepo/my_front/image_align/spcpp/cmake-build-debug/CMakeFiles/CMakeTmp'
Makefile:141: recipe for target 'cmTC_7a0ac/fast' failed
make: *** [cmTC_7a0ac/fast] Error 2



