Determining if the pthread_create exist failed with the following output:
Change Dir: /home/sky/workspace/myrepo/my_front/feature_point/orb/build/CMakeFiles/CMakeTmp

Run Build Command:"/usr/bin/make" "cmTC_534bc/fast"
/usr/bin/make -f CMakeFiles/cmTC_534bc.dir/build.make CMakeFiles/cmTC_534bc.dir/build
make[1]: Entering directory '/home/sky/workspace/myrepo/my_front/feature_point/orb/build/CMakeFiles/CMakeTmp'
Building C object CMakeFiles/cmTC_534bc.dir/CheckSymbolExists.c.o
/usr/bin/cc   -fPIC    -o CMakeFiles/cmTC_534bc.dir/CheckSymbolExists.c.o   -c /home/sky/workspace/myrepo/my_front/feature_point/orb/build/CMakeFiles/CMakeTmp/CheckSymbolExists.c
Linking C executable cmTC_534bc
/usr/bin/cmake -E cmake_link_script CMakeFiles/cmTC_534bc.dir/link.txt --verbose=1
/usr/bin/cc -fPIC     -rdynamic CMakeFiles/cmTC_534bc.dir/CheckSymbolExists.c.o  -o cmTC_534bc 
CMakeFiles/cmTC_534bc.dir/CheckSymbolExists.c.o: In function `main':
CheckSymbolExists.c:(.text+0x1b): undefined reference to `pthread_create'
collect2: error: ld returned 1 exit status
CMakeFiles/cmTC_534bc.dir/build.make:97: recipe for target 'cmTC_534bc' failed
make[1]: *** [cmTC_534bc] Error 1
make[1]: Leaving directory '/home/sky/workspace/myrepo/my_front/feature_point/orb/build/CMakeFiles/CMakeTmp'
Makefile:126: recipe for target 'cmTC_534bc/fast' failed
make: *** [cmTC_534bc/fast] Error 2

File /home/sky/workspace/myrepo/my_front/feature_point/orb/build/CMakeFiles/CMakeTmp/CheckSymbolExists.c:
/* */
#include <pthread.h>

int main(int argc, char** argv)
{
  (void)argv;
#ifndef pthread_create
  return ((int*)(&pthread_create))[argc];
#else
  (void)argc;
  return 0;
#endif
}

Determining if the function pthread_create exists in the pthreads failed with the following output:
Change Dir: /home/sky/workspace/myrepo/my_front/feature_point/orb/build/CMakeFiles/CMakeTmp

Run Build Command:"/usr/bin/make" "cmTC_124ea/fast"
/usr/bin/make -f CMakeFiles/cmTC_124ea.dir/build.make CMakeFiles/cmTC_124ea.dir/build
make[1]: Entering directory '/home/sky/workspace/myrepo/my_front/feature_point/orb/build/CMakeFiles/CMakeTmp'
Building C object CMakeFiles/cmTC_124ea.dir/CheckFunctionExists.c.o
/usr/bin/cc   -fPIC -DCHECK_FUNCTION_EXISTS=pthread_create   -o CMakeFiles/cmTC_124ea.dir/CheckFunctionExists.c.o   -c /usr/share/cmake-3.10/Modules/CheckFunctionExists.c
Linking C executable cmTC_124ea
/usr/bin/cmake -E cmake_link_script CMakeFiles/cmTC_124ea.dir/link.txt --verbose=1
/usr/bin/cc -fPIC -DCHECK_FUNCTION_EXISTS=pthread_create    -rdynamic CMakeFiles/cmTC_124ea.dir/CheckFunctionExists.c.o  -o cmTC_124ea -lpthreads 
/usr/bin/ld: cannot find -lpthreads
collect2: error: ld returned 1 exit status
CMakeFiles/cmTC_124ea.dir/build.make:97: recipe for target 'cmTC_124ea' failed
make[1]: *** [cmTC_124ea] Error 1
make[1]: Leaving directory '/home/sky/workspace/myrepo/my_front/feature_point/orb/build/CMakeFiles/CMakeTmp'
Makefile:126: recipe for target 'cmTC_124ea/fast' failed
make: *** [cmTC_124ea/fast] Error 2


