Performing C SOURCE FILE Test CMAKE_HAVE_LIBC_PTHREAD failed with the following output:
Change Dir: /home/sky/workspace/myrepo/my_front/feature_point/GCN/build/CMakeFiles/CMakeTmp

Run Build Command(s):/usr/bin/make cmTC_79579/fast && /usr/bin/make -f CMakeFiles/cmTC_79579.dir/build.make CMakeFiles/cmTC_79579.dir/build
make[1]: Entering directory '/home/sky/workspace/myrepo/my_front/feature_point/GCN/build/CMakeFiles/CMakeTmp'
Building C object CMakeFiles/cmTC_79579.dir/src.c.o
/usr/bin/cc   -fPIC -DCMAKE_HAVE_LIBC_PTHREAD   -o CMakeFiles/cmTC_79579.dir/src.c.o   -c /home/sky/workspace/myrepo/my_front/feature_point/GCN/build/CMakeFiles/CMakeTmp/src.c
Linking C executable cmTC_79579
/home/sky/Documents/cmake-3.15.0-Linux-x86_64/bin/cmake -E cmake_link_script CMakeFiles/cmTC_79579.dir/link.txt --verbose=1
/usr/bin/cc -fPIC -DCMAKE_HAVE_LIBC_PTHREAD    -rdynamic CMakeFiles/cmTC_79579.dir/src.c.o  -o cmTC_79579 
CMakeFiles/cmTC_79579.dir/src.c.o: In function `main':
src.c:(.text+0x3e): undefined reference to `pthread_create'
src.c:(.text+0x4a): undefined reference to `pthread_detach'
src.c:(.text+0x5b): undefined reference to `pthread_join'
src.c:(.text+0x6f): undefined reference to `pthread_atfork'
collect2: error: ld returned 1 exit status
CMakeFiles/cmTC_79579.dir/build.make:86: recipe for target 'cmTC_79579' failed
make[1]: *** [cmTC_79579] Error 1
make[1]: Leaving directory '/home/sky/workspace/myrepo/my_front/feature_point/GCN/build/CMakeFiles/CMakeTmp'
Makefile:121: recipe for target 'cmTC_79579/fast' failed
make: *** [cmTC_79579/fast] Error 2


Source file was:
#include <pthread.h>

void* test_func(void* data)
{
  return data;
}

int main(void)
{
  pthread_t thread;
  pthread_create(&thread, NULL, test_func, NULL);
  pthread_detach(thread);
  pthread_join(thread, NULL);
  pthread_atfork(NULL, NULL, NULL);
  pthread_exit(NULL);

  return 0;
}

Determining if the function pthread_create exists in the pthreads failed with the following output:
Change Dir: /home/sky/workspace/myrepo/my_front/feature_point/GCN/build/CMakeFiles/CMakeTmp

Run Build Command(s):/usr/bin/make cmTC_394f3/fast && /usr/bin/make -f CMakeFiles/cmTC_394f3.dir/build.make CMakeFiles/cmTC_394f3.dir/build
make[1]: Entering directory '/home/sky/workspace/myrepo/my_front/feature_point/GCN/build/CMakeFiles/CMakeTmp'
Building C object CMakeFiles/cmTC_394f3.dir/CheckFunctionExists.c.o
/usr/bin/cc   -fPIC -DCHECK_FUNCTION_EXISTS=pthread_create   -o CMakeFiles/cmTC_394f3.dir/CheckFunctionExists.c.o   -c /home/sky/Documents/cmake-3.15.0-Linux-x86_64/share/cmake-3.15/Modules/CheckFunctionExists.c
Linking C executable cmTC_394f3
/home/sky/Documents/cmake-3.15.0-Linux-x86_64/bin/cmake -E cmake_link_script CMakeFiles/cmTC_394f3.dir/link.txt --verbose=1
/usr/bin/cc -fPIC -DCHECK_FUNCTION_EXISTS=pthread_create    -rdynamic CMakeFiles/cmTC_394f3.dir/CheckFunctionExists.c.o  -o cmTC_394f3 -lpthreads 
/usr/bin/ld: cannot find -lpthreads
collect2: error: ld returned 1 exit status
CMakeFiles/cmTC_394f3.dir/build.make:86: recipe for target 'cmTC_394f3' failed
make[1]: *** [cmTC_394f3] Error 1
make[1]: Leaving directory '/home/sky/workspace/myrepo/my_front/feature_point/GCN/build/CMakeFiles/CMakeTmp'
Makefile:121: recipe for target 'cmTC_394f3/fast' failed
make: *** [cmTC_394f3/fast] Error 2



